2026-06-11 12:37:45,069 | INFO | Simulation Started
2026-06-11 12:37:45,069 | INFO | CO1 Completed
2026-06-11 12:38:44,885 | INFO | Simulation Started
2026-06-11 12:38:44,885 | INFO | CO1 Completed
2026-06-11 12:38:44,885 | INFO | CO2 Completed
2026-06-11 12:38:44,885 | INFO | CO3 Completed
2026-06-11 12:38:44,886 | INFO | CO4 Completed
2026-06-11 12:38:44,886 | INFO | CO5 Completed
2026-06-11 12:38:44,886 | INFO | Final Decision: east
2026-06-11 12:38:44,887 | INFO | Step 1 Completed
2026-06-11 12:38:44,887 | INFO | CO1 Completed
2026-06-11 12:38:44,887 | INFO | CO2 Completed
2026-06-11 12:38:44,887 | INFO | CO3 Completed
2026-06-11 12:38:44,887 | INFO | CO4 Completed
2026-06-11 12:38:44,887 | INFO | CO5 Completed
2026-06-11 12:38:44,890 | INFO | Final Decision: north
2026-06-11 12:38:44,890 | INFO | Step 2 Completed
2026-06-11 12:38:44,890 | INFO | CO1 Completed
2026-06-11 12:38:44,890 | INFO | CO2 Completed
2026-06-11 12:38:44,890 | INFO | CO3 Completed
2026-06-11 12:38:44,890 | INFO | CO4 Completed
2026-06-11 12:38:44,890 | INFO | CO5 Completed
2026-06-11 12:38:44,891 | INFO | Final Decision: west
2026-06-11 12:38:44,891 | INFO | Step 3 Completed
2026-06-11 12:38:44,891 | INFO | Simulation Completed
2026-06-11 12:41:25,331 | INFO | Simulation Started
2026-06-11 12:41:25,331 | INFO | CO1 Completed
2026-06-11 12:41:25,332 | INFO | CO2 Completed
2026-06-11 12:41:25,332 | INFO | CO3 Completed
2026-06-11 12:41:25,332 | INFO | CO4 Completed
2026-06-11 12:41:25,332 | INFO | CO5 Completed
2026-06-11 12:41:25,332 | INFO | Final Decision: north
2026-06-11 12:41:25,334 | INFO | Step 1 Completed
2026-06-11 12:41:25,334 | INFO | CO1 Completed
2026-06-11 12:41:25,335 | INFO | CO2 Completed
2026-06-11 12:41:25,335 | INFO | CO3 Completed
2026-06-11 12:41:25,335 | INFO | CO4 Completed
2026-06-11 12:41:25,335 | INFO | CO5 Completed
2026-06-11 12:41:25,335 | INFO | Final Decision: north
2026-06-11 12:41:25,335 | INFO | Step 2 Completed
2026-06-11 12:41:25,335 | INFO | CO1 Completed
2026-06-11 12:41:25,336 | INFO | CO2 Completed
2026-06-11 12:41:25,336 | INFO | CO3 Completed
2026-06-11 12:41:25,336 | INFO | CO4 Completed
2026-06-11 12:41:25,336 | INFO | CO5 Completed
2026-06-11 12:41:25,336 | INFO | Final Decision: north
2026-06-11 12:41:25,336 | INFO | Step 3 Completed
2026-06-11 12:41:25,336 | INFO | Simulation Completed
2026-06-13 12:37:42,023 | INFO | Simulation Started
2026-06-13 12:37:42,024 | INFO | CO1 Completed
2026-06-13 12:37:42,024 | INFO | CO2 Completed
2026-06-13 12:37:42,024 | INFO | CO3 Completed
2026-06-13 12:37:42,024 | INFO | CO4 Completed
2026-06-13 12:37:42,024 | INFO | CO5 Completed
2026-06-13 12:37:42,025 | INFO | Final Decision: south
2026-06-13 12:37:42,026 | INFO | Step 1 Completed
2026-06-13 12:37:42,027 | INFO | CO1 Completed
2026-06-13 12:37:42,027 | INFO | CO2 Completed
2026-06-13 12:37:42,028 | INFO | CO3 Completed
2026-06-13 12:37:42,028 | INFO | CO4 Completed
2026-06-13 12:37:42,028 | INFO | CO5 Completed
2026-06-13 12:37:42,029 | INFO | Final Decision: south
2026-06-13 12:37:42,029 | INFO | Step 2 Completed
2026-06-13 12:37:42,029 | INFO | CO1 Completed
2026-06-13 12:37:42,031 | INFO | CO2 Completed
2026-06-13 12:37:42,031 | INFO | CO3 Completed
2026-06-13 12:37:42,031 | INFO | CO4 Completed
2026-06-13 12:37:42,031 | INFO | CO5 Completed
2026-06-13 12:37:42,031 | INFO | Final Decision: south
2026-06-13 12:37:42,032 | INFO | Step 3 Completed
2026-06-13 12:37:42,032 | INFO | Simulation Completed
2026-06-13 12:45:51,161 | INFO | Simulation Started
2026-06-13 12:45:51,161 | INFO | Traffic Analysis Completed
2026-06-13 12:45:51,161 | INFO | Route Planning Completed
2026-06-13 12:45:51,161 | INFO | Signal Optimization Completed
2026-06-13 12:45:51,161 | INFO | Decision Engine Completed
2026-06-13 12:45:51,161 | INFO | Traffic Prediction Completed
2026-06-13 12:45:51,162 | INFO | Final Decision: east
2026-06-13 12:45:51,165 | INFO | Step 1 Completed
2026-06-13 12:45:51,165 | INFO | Traffic Analysis Completed
2026-06-13 12:45:51,165 | INFO | Route Planning Completed
2026-06-13 12:45:51,165 | INFO | Signal Optimization Completed
2026-06-13 12:45:51,166 | INFO | Decision Engine Completed
2026-06-13 12:45:51,166 | INFO | Traffic Prediction Completed
2026-06-13 12:45:51,166 | INFO | Final Decision: west
2026-06-13 12:45:51,166 | INFO | Step 2 Completed
2026-06-13 12:45:51,166 | INFO | Traffic Analysis Completed
2026-06-13 12:45:51,167 | INFO | Route Planning Completed
2026-06-13 12:45:51,167 | INFO | Signal Optimization Completed
2026-06-13 12:45:51,167 | INFO | Decision Engine Completed
2026-06-13 12:45:51,167 | INFO | Traffic Prediction Completed
2026-06-13 12:45:51,167 | INFO | Final Decision: east
2026-06-13 12:45:51,167 | INFO | Step 3 Completed
2026-06-13 12:45:51,168 | INFO | Simulation Completed
2026-06-13 12:46:13,693 | INFO | Simulation Started
2026-06-13 12:46:13,694 | INFO | Traffic Analysis Completed
2026-06-13 12:46:13,694 | INFO | Route Planning Completed
2026-06-13 12:46:13,694 | INFO | Signal Optimization Completed
2026-06-13 12:46:13,694 | INFO | Decision Engine Completed
2026-06-13 12:46:13,694 | INFO | Traffic Prediction Completed
2026-06-13 12:46:13,694 | INFO | Final Decision: north
2026-06-13 12:46:13,697 | INFO | Step 1 Completed
2026-06-13 12:46:13,698 | INFO | Traffic Analysis Completed
2026-06-13 12:46:13,698 | INFO | Route Planning Completed
2026-06-13 12:46:13,698 | INFO | Signal Optimization Completed
2026-06-13 12:46:13,698 | INFO | Decision Engine Completed
2026-06-13 12:46:13,698 | INFO | Traffic Prediction Completed
2026-06-13 12:46:13,698 | INFO | Final Decision: west
2026-06-13 12:46:13,698 | INFO | Step 2 Completed
2026-06-13 12:46:13,698 | INFO | Traffic Analysis Completed
2026-06-13 12:46:13,698 | INFO | Route Planning Completed
2026-06-13 12:46:13,699 | INFO | Signal Optimization Completed
2026-06-13 12:46:13,699 | INFO | Decision Engine Completed
2026-06-13 12:46:13,699 | INFO | Traffic Prediction Completed
2026-06-13 12:46:13,699 | INFO | Final Decision: east
2026-06-13 12:46:13,699 | INFO | Step 3 Completed
2026-06-13 12:46:13,699 | INFO | Simulation Completed
